[   11175ms] [ERROR] Failed to load resource: net::ERR_NAME_NOT_RESOLVED @ https://su.addthis.com/red/usync?pid=11124&puid=a120a657-1e7a-45ba-9597-2503bdf793e8&url=https%3a%2f%2fmatch.adsrvr.org%2ftrack%2fcmf%2fgeneric%3fttd_pid%3daddthis:0
[     376ms] [WARNING] The resource https://s.bazaardb.gg/v1/z12.3/d57aa960aeb8a3db9b9134a0892eefbcc39b8f9d_p@256.webp?v=6 was preloaded using link preload in Early Hints but not used within a few seconds from the window's load event. @ https://bazaardb.gg/search?c=trainers:0
[     377ms] [WARNING] The resource https://s.bazaardb.gg/v1/z12.3/a7b539d3ba8ee72e55158d0d855cd59ffcfcce43_p@256.webp?v=6 was preloaded using link preload in Early Hints but not used within a few seconds from the window's load event. @ https://bazaardb.gg/search?c=trainers:0
[     377ms] [WARNING] The resource https://s.bazaardb.gg/v1/z12.3/91846399d16358c633d1a89178c8f2d0b8e33f83_p@256.webp?v=6 was preloaded using link preload in Early Hints but not used within a few seconds from the window's load event. @ https://bazaardb.gg/search?c=trainers:0
[     377ms] [WARNING] The resource https://s.bazaardb.gg/v1/z12.3/e897bdf8aaf45a0c29a44e6c81352e407137631c_p@256.webp?v=6 was preloaded using link preload in Early Hints but not used within a few seconds from the window's load event. @ https://bazaardb.gg/search?c=trainers:0
[     377ms] [WARNING] The resource https://s.bazaardb.gg/v1/z12.3/178c966fbb3de4ac7175d281d1740533dc0ab98c_p@256.webp?v=6 was preloaded using link preload in Early Hints but not used within a few seconds from the window's load event. @ https://bazaardb.gg/search?c=trainers:0
[     788ms] [WARNING] fun-hooks: referenced 'firstPartyData' but it was never created @ https://s.nitropay.com/ads-2292.js:1
[    2553ms] [ERROR]  Note that 'script-src' was not explicitly set, so 'default-src' is used as a fallback. @ https://challenges.cloudflare.com/cdn-cgi/challenge-platform/h/g/turnstile/f/ov2/av0/rch/9kcn0/0x4AAAAAACP0OhK4c4s3KZ3O/auto/fbE/new/invisible?lang=auto:0
[    2697ms] [ERROR] %c%d font-size:0;color:transparent NaN @ https://challenges.cloudflare.com/cdn-cgi/challenge-platform/h/g/turnstile/f/ov2/av0/rch/9kcn0/0x4AAAAAACP0OhK4c4s3KZ3O/auto/fbE/new/invisible?lang=auto:0
[    2698ms] [ERROR] %c%d font-size:0;color:transparent NaN @ https://challenges.cloudflare.com/cdn-cgi/challenge-platform/h/g/turnstile/f/ov2/av0/rch/9kcn0/0x4AAAAAACP0OhK4c4s3KZ3O/auto/fbE/new/invisible?lang=auto:0
[    2699ms] [WARNING] %c%d font-size:0;color:transparent NaN @ https://challenges.cloudflare.com/cdn-cgi/challenge-platform/h/g/turnstile/f/ov2/av0/rch/9kcn0/0x4AAAAAACP0OhK4c4s3KZ3O/auto/fbE/new/invisible?lang=auto:0
[    2699ms] [WARNING] %c%d font-size:0;color:transparent NaN @ https://challenges.cloudflare.com/cdn-cgi/challenge-platform/h/g/turnstile/f/ov2/av0/rch/9kcn0/0x4AAAAAACP0OhK4c4s3KZ3O/auto/fbE/new/invisible?lang=auto:0
[    2852ms] [WARNING] No available adapters. @ https://challenges.cloudflare.com/cdn-cgi/challenge-platform/h/g/turnstile/f/ov2/av0/rch/9kcn0/0x4AAAAAACP0OhK4c4s3KZ3O/auto/fbE/new/invisible?lang=auto:0
[    2894ms] [ERROR] Failed to load resource: the server responded with a status of 401 () @ https://challenges.cloudflare.com/cdn-cgi/challenge-platform/h/g/pat/9e21398bdb50caf2/1774476407961/d33eba5fa6fff42eaf15a9146916eb2065c679d47d4b2f564842b400ffc7a291/UvdAK5WqcXCDl7G:0
[    6219ms] [WARNING] The resource https://challenges.cloudflare.com/cdn-cgi/challenge-platform/h/g/cmg/1 was preloaded using link preload but not used within a few seconds from the window's load event. Please make sure it has an appropriate `as` value and it is preloaded intentionally. @ https://challenges.cloudflare.com/cdn-cgi/challenge-platform/h/g/turnstile/f/ov2/av0/rch/9kcn0/0x4AAAAAACP0OhK4c4s3KZ3O/auto/fbE/new/invisible?lang=auto:0
[    8441ms] [WARNING] The resource https://s.bazaardb.gg/v1/z12.3/aae1a5e8c046d31c6e4d3c6aa7f75b6d0b48c83f_p@256.webp?v=6 was preloaded using link preload in Early Hints but not used within a few seconds from the window's load event. @ https://bazaardb.gg/search?c=monsters:0
[    8441ms] [WARNING] The resource https://s.bazaardb.gg/v1/z12.3/4abd02941884ced107dd166cd6863461b892c723_p@256.webp?v=6 was preloaded using link preload in Early Hints but not used within a few seconds from the window's load event. @ https://bazaardb.gg/search?c=monsters:0
[    8441ms] [WARNING] The resource https://s.bazaardb.gg/v1/z12.3/1b6152d09cec47d8c84151941dc322b731979dde_p@256.webp?v=6 was preloaded using link preload in Early Hints but not used within a few seconds from the window's load event. @ https://bazaardb.gg/search?c=monsters:0
[    8441ms] [WARNING] The resource https://s.bazaardb.gg/v1/z12.3/594d772c7e80d49692be8cabcdab256a71eedc65_p@256.webp?v=6 was preloaded using link preload in Early Hints but not used within a few seconds from the window's load event. @ https://bazaardb.gg/search?c=monsters:0
[    8441ms] [WARNING] The resource https://s.bazaardb.gg/v1/z12.3/7b6c2e18e8dd690e0c604c8c7c7a9e7ce8d80b74_p@256.webp?v=6 was preloaded using link preload in Early Hints but not used within a few seconds from the window's load event. @ https://bazaardb.gg/search?c=monsters:0
[    9692ms] [ERROR] Failed to load resource: the server responded with a status of 429 () @ https://ssp-sync.criteo.com/user-sync/redirect?profile=342&gdpr_consent=&gdpr=0&gpp=&gpp_sid=&redir=https%3A%2F%2Feb2.3lift.com%2Fxuid%3Fmid%3D9165%26xuid%3D%24%7BCRITEO_USER_ID%7D%26dongle%3Dw5f5:0
