[     340ms] [WARNING] fun-hooks: referenced 'firstPartyData' but it was never created @ https://s.nitropay.com/ads-2292.js:1
[     930ms] [WARNING] No available adapters. @ https://challenges.cloudflare.com/cdn-cgi/challenge-platform/h/g/turnstile/f/ov2/av0/rch/ocvmc/0x4AAAAAACP0OhK4c4s3KZ3O/auto/fbE/new/invisible?lang=auto:0
[     960ms] [ERROR] Failed to load resource: the server responded with a status of 401 () @ https://challenges.cloudflare.com/cdn-cgi/challenge-platform/h/g/pat/9e28e02a0d49cb4d/1774556632886/4ab5df957e5e91acf75f5ae2cb4d7863647b7a7881271ea302d405ad03115dd9/8VJcr6WBTmIDsv8:0
[     973ms] [ERROR]  Note that 'script-src' was not explicitly set, so 'default-src' is used as a fallback. @ https://challenges.cloudflare.com/cdn-cgi/challenge-platform/h/g/turnstile/f/ov2/av0/rch/ocvmc/0x4AAAAAACP0OhK4c4s3KZ3O/auto/fbE/new/invisible?lang=auto:0
[    1090ms] [WARNING] [GPT] Using deprecated googletag.encryptedSignalProviders. Please use googletag.secureSignalProviders instead.
https://goo.gle/gpt-message#155 @ https://securepubads.g.doubleclick.net/pagead/managed/js/gpt/m202603190101/pubads_impl.js:18
[    1093ms] [ERROR] %c%d font-size:0;color:transparent NaN @ https://challenges.cloudflare.com/cdn-cgi/challenge-platform/h/g/turnstile/f/ov2/av0/rch/ocvmc/0x4AAAAAACP0OhK4c4s3KZ3O/auto/fbE/new/invisible?lang=auto:0
[    1094ms] [ERROR] %c%d font-size:0;color:transparent NaN @ https://challenges.cloudflare.com/cdn-cgi/challenge-platform/h/g/turnstile/f/ov2/av0/rch/ocvmc/0x4AAAAAACP0OhK4c4s3KZ3O/auto/fbE/new/invisible?lang=auto:0
[    1097ms] [WARNING] %c%d font-size:0;color:transparent NaN @ https://challenges.cloudflare.com/cdn-cgi/challenge-platform/h/g/turnstile/f/ov2/av0/rch/ocvmc/0x4AAAAAACP0OhK4c4s3KZ3O/auto/fbE/new/invisible?lang=auto:0
[    1097ms] [WARNING] %c%d font-size:0;color:transparent NaN @ https://challenges.cloudflare.com/cdn-cgi/challenge-platform/h/g/turnstile/f/ov2/av0/rch/ocvmc/0x4AAAAAACP0OhK4c4s3KZ3O/auto/fbE/new/invisible?lang=auto:0
[    1663ms] [WARNING] An iframe which has both allow-scripts and allow-same-origin for its sandbox attribute can escape its sandboxing. @ https://s.nitropay.com/ads-2292.js:1
[    2092ms] [WARNING] [GPT] Using deprecated googletag.encryptedSignalProviders. Please use googletag.secureSignalProviders instead.
https://goo.gle/gpt-message#155 @ https://securepubads.g.doubleclick.net/pagead/managed/js/gpt/m202603190101/pubads_impl.js:18
[    4610ms] [WARNING] The resource https://challenges.cloudflare.com/cdn-cgi/challenge-platform/h/g/cmg/1 was preloaded using link preload but not used within a few seconds from the window's load event. Please make sure it has an appropriate `as` value and it is preloaded intentionally. @ https://challenges.cloudflare.com/cdn-cgi/challenge-platform/h/g/turnstile/f/ov2/av0/rch/ocvmc/0x4AAAAAACP0OhK4c4s3KZ3O/auto/fbE/new/invisible?lang=auto:0
[    6694ms] [WARNING] The resource https://s.bazaardb.gg/v1/z12.3/d57aa960aeb8a3db9b9134a0892eefbcc39b8f9d_p@256.webp?v=6 was preloaded using link preload in Early Hints but not used within a few seconds from the window's load event. @ https://bazaardb.gg/search?c=trainers:0
[    6694ms] [WARNING] The resource https://s.bazaardb.gg/v1/z12.3/a7b539d3ba8ee72e55158d0d855cd59ffcfcce43_p@256.webp?v=6 was preloaded using link preload in Early Hints but not used within a few seconds from the window's load event. @ https://bazaardb.gg/search?c=trainers:0
[    6694ms] [WARNING] The resource https://s.bazaardb.gg/v1/z12.3/91846399d16358c633d1a89178c8f2d0b8e33f83_p@256.webp?v=6 was preloaded using link preload in Early Hints but not used within a few seconds from the window's load event. @ https://bazaardb.gg/search?c=trainers:0
[    6694ms] [WARNING] The resource https://s.bazaardb.gg/v1/z12.3/e897bdf8aaf45a0c29a44e6c81352e407137631c_p@256.webp?v=6 was preloaded using link preload in Early Hints but not used within a few seconds from the window's load event. @ https://bazaardb.gg/search?c=trainers:0
[    6694ms] [WARNING] The resource https://s.bazaardb.gg/v1/z12.3/178c966fbb3de4ac7175d281d1740533dc0ab98c_p@256.webp?v=6 was preloaded using link preload in Early Hints but not used within a few seconds from the window's load event. @ https://bazaardb.gg/search?c=trainers:0
[    8041ms] [ERROR] Failed to load resource: net::ERR_NAME_NOT_RESOLVED @ https://s.thebrighttag.com/csx?tp=an&uid=3975146462424393597:0
