[     790ms] [WARNING] fun-hooks: referenced 'firstPartyData' but it was never created @ https://s.nitropay.com/ads-2292.js:1
[    1419ms] [ERROR]  Note that 'script-src' was not explicitly set, so 'default-src' is used as a fallback. @ https://challenges.cloudflare.com/cdn-cgi/challenge-platform/h/g/turnstile/f/ov2/av0/rch/grise/0x4AAAAAACP0OhK4c4s3KZ3O/auto/fbE/new/invisible?lang=auto:0
[    1696ms] [WARNING] No available adapters. @ https://challenges.cloudflare.com/cdn-cgi/challenge-platform/h/g/turnstile/f/ov2/av0/rch/grise/0x4AAAAAACP0OhK4c4s3KZ3O/auto/fbE/new/invisible?lang=auto:0
[    1845ms] [ERROR] %c%d font-size:0;color:transparent NaN @ https://challenges.cloudflare.com/cdn-cgi/challenge-platform/h/g/turnstile/f/ov2/av0/rch/grise/0x4AAAAAACP0OhK4c4s3KZ3O/auto/fbE/new/invisible?lang=auto:0
[    1845ms] [ERROR] %c%d font-size:0;color:transparent NaN @ https://challenges.cloudflare.com/cdn-cgi/challenge-platform/h/g/turnstile/f/ov2/av0/rch/grise/0x4AAAAAACP0OhK4c4s3KZ3O/auto/fbE/new/invisible?lang=auto:0
[    1846ms] [WARNING] %c%d font-size:0;color:transparent NaN @ https://challenges.cloudflare.com/cdn-cgi/challenge-platform/h/g/turnstile/f/ov2/av0/rch/grise/0x4AAAAAACP0OhK4c4s3KZ3O/auto/fbE/new/invisible?lang=auto:0
[    1846ms] [WARNING] %c%d font-size:0;color:transparent NaN @ https://challenges.cloudflare.com/cdn-cgi/challenge-platform/h/g/turnstile/f/ov2/av0/rch/grise/0x4AAAAAACP0OhK4c4s3KZ3O/auto/fbE/new/invisible?lang=auto:0
[    1896ms] [ERROR] Failed to load resource: the server responded with a status of 401 () @ https://challenges.cloudflare.com/cdn-cgi/challenge-platform/h/g/pat/9e212c14fb2dcb1a/1774475856506/0c4349b3a0ababf0a73cb2eed269a46462b7cd8a01fc903fc3feac76d3c3b607/PDT2d03Rf3Gq54y:0
[    2279ms] [ERROR] Failed to load resource: net::ERR_NAME_NOT_RESOLVED @ https://log.dmtry.com/redir/1/0/4202/437920451/238252668/1/180/0/1006/1.ver?at=i&d=PxImp:0
[    2290ms] [ERROR] Failed to load resource: net::ERR_NAME_NOT_RESOLVED @ https://js.dmtry.com/antenna2.js?0_4202_437920451_238252668:0
[    2335ms] [ERROR] Failed to load resource: net::ERR_NAME_NOT_RESOLVED @ https://sync.go.sonobi.com/us?loc=https%3A%2F%2Fcm.g.doubleclick.net%2Fpixel%3Fgoogle_nid%3Dsonobi%26google_push%3DAXcoOmQ8RbqbmR9JnOrAh98_EwMk6cew8nzEZ9RyZyqgXWMVHu1Y0PlyzQ7q21HieNZiMZVUkHXMtvRvUpKVSfTT9qpyGDMX2PKpaDyNveFLOcIxhxwlCt2req_JvXvTW9870j1CD6m_RHVS-vhuScYGGXk%26google_hm%3D%5BUID64%5D&google_gid=CAESEAwq8Sm5fF23OIwYdJH__t0&google_cver=1:0
[    2346ms] [ERROR] Attestation check for Shared Storage on https://www.googleadservices.com failed. @ https://www.googleadservices.com/pagead/managed/js/activeview/current/reach_worklet.html:0
[    2373ms] [ERROR] Attestation check for Attribution Reporting on https://ad.doubleclick.net failed. @ https://bazaardb.gg/search?c=items:0
[    2434ms] [ERROR] Failed to load resource: net::ERR_NAME_NOT_RESOLVED @ https://i.liadm.com/s/31327?bidder_id=14481&bidder_uuid=acRaTtHM7mgAB2a1AqrG-gAA%266179&gpdr=&gdpr_consent=&us_privacy=&gpp=&gpp_sid=:0
[    2575ms] [ERROR] Attestation check for Attribution Reporting on https://ad.doubleclick.net failed. @ https://bazaardb.gg/search?c=items:0
[    2863ms] [ERROR] Failed to load resource: net::ERR_NAME_NOT_RESOLVED @ https://sync.search.spotxchange.com/partner?adv_id=7025&redir=https%3A%2F%2Fcm.g.doubleclick.net%2Fpixel%3Fgoogle_nid%3Dspotxchange_dbm%26google_hm%3D%24SPOTX_BASE64_USER_ID:0
[    5058ms] [WARNING] The resource https://challenges.cloudflare.com/cdn-cgi/challenge-platform/h/g/cmg/1 was preloaded using link preload but not used within a few seconds from the window's load event. Please make sure it has an appropriate `as` value and it is preloaded intentionally. @ https://challenges.cloudflare.com/cdn-cgi/challenge-platform/h/g/turnstile/f/ov2/av0/rch/grise/0x4AAAAAACP0OhK4c4s3KZ3O/auto/fbE/new/invisible?lang=auto:0
[    7126ms] [ERROR] Failed to load resource: net::ERR_NAME_NOT_RESOLVED @ https://i.liadm.com/s/88342?bidder_id=246498&bidder_uuid=3175250499971542832459&gpp_s=&gpp_as=:0
[    7126ms] [ERROR] Failed to load resource: net::ERR_NAME_NOT_RESOLVED @ https://i.liadm.com/s/88342?bidder_id=246498&bidder_uuid=3175250499971542832459:0
[    7239ms] [ERROR] Failed to load resource: the server responded with a status of 451 () @ https://id.rlcdn.com/709996.gif:0
[   15569ms] [WARNING] The resource https://s.bazaardb.gg/v1/z12.3/aae1a5e8c046d31c6e4d3c6aa7f75b6d0b48c83f_p@256.webp?v=6 was preloaded using link preload in Early Hints but not used within a few seconds from the window's load event. @ https://bazaardb.gg/search?c=items:0
[   15569ms] [WARNING] The resource https://s.bazaardb.gg/v1/z12.3/4abd02941884ced107dd166cd6863461b892c723_p@256.webp?v=6 was preloaded using link preload in Early Hints but not used within a few seconds from the window's load event. @ https://bazaardb.gg/search?c=items:0
[   15569ms] [WARNING] The resource https://s.bazaardb.gg/v1/z12.3/1b6152d09cec47d8c84151941dc322b731979dde_p@256.webp?v=6 was preloaded using link preload in Early Hints but not used within a few seconds from the window's load event. @ https://bazaardb.gg/search?c=items:0
[   15569ms] [WARNING] The resource https://s.bazaardb.gg/v1/z12.3/594d772c7e80d49692be8cabcdab256a71eedc65_p@256.webp?v=6 was preloaded using link preload in Early Hints but not used within a few seconds from the window's load event. @ https://bazaardb.gg/search?c=items:0
[   15569ms] [WARNING] The resource https://s.bazaardb.gg/v1/z12.3/7b6c2e18e8dd690e0c604c8c7c7a9e7ce8d80b74_p@256.webp?v=6 was preloaded using link preload in Early Hints but not used within a few seconds from the window's load event. @ https://bazaardb.gg/search?c=items:0
